<?xml version="1.0" encoding="UTF-8"?>
<!-- Generated by org.testng.reporters.JUnitReportReporter -->
<testsuite hostname="Deepali-SN" failures="0" tests="1" name="com.qa.tests.GetAPITest" time="1.709" errors="0" timestamp="2021-11-15T13:06:56 IST" skipped="0">
  <testcase classname="com.qa.tests.GetAPITest" name="getTest" time="1.709"/>
  <system-out/>
</testsuite> <!-- com.qa.tests.GetAPITest -->
