<?xml version="1.0" encoding="UTF-8"?>
<!-- Generated by org.testng.reporters.JUnitReportReporter -->
<testsuite skipped="0" hostname="Deepali-SN" name="com.qa.tests.GetAPITest" tests="1" failures="0" timestamp="2021-11-15T13:11:03 IST" time="1.587" errors="0">
  <testcase name="getTest" time="1.587" classname="com.qa.tests.GetAPITest"/>
  <system-out/>
</testsuite> <!-- com.qa.tests.GetAPITest -->
